<?xml version="1.0" encoding="UTF-8"?>
<testsuite xmlns:xsi="http://www.w3.org/2001/XMLSchema-instance" xsi:noNamespaceSchemaLocation="https://maven.apache.org/surefire/maven-surefire-plugin/xsd/surefire-test-report.xsd" name="service.ServiceTest" time="0.598" tests="44" errors="0" skipped="0" failures="0">
  <properties>
[...]
</properties>
  <testcase name="test_wrongStudentWithEmailWithMorePoints" classname="service.ServiceTest" time="0.175"/>
  <testcase name="test_correctStudentWithMaxIntMinus1" classname="service.ServiceTest" time="0.02"/>
  <testcase name="test_wrongStudentWithEmailWithOnlyPoints" classname="service.ServiceTest" time="0.021"/>
  <testcase name="test_correctStudentWithMaxIntMinus" classname="service.ServiceTest" time="0.01"/>
  <testcase name="test_idExceedsValue" classname="service.ServiceTest" time="0.01"/>
  <testcase name="test_correctStudentWithIdMaxInt" classname="service.ServiceTest" time="0.02"/>
  <testcase name="test_correctStudentWithNameWithLengthOne" classname="service.ServiceTest" time="0.01"/>
  <testcase name="test_emptyName" classname="service.ServiceTest" time="0.01"/>
  <testcase name="test_emailHasWrongLengthLess" classname="service.ServiceTest" time="0.01"/>
  <testcase name="test_emailHasWrongLengthMore" classname="service.ServiceTest" time="0.01"/>
  <testcase name="test_idNotNaturalNumber" classname="service.ServiceTest" time="0.011"/>
  <testcase name="test_correctStudent" classname="service.ServiceTest" time="0.008"/>
  <testcase name="test_correctStudentWithId0" classname="service.ServiceTest" time="0.02"/>
  <testcase name="test_wrongStudentWithProfNameWithDigitsAndLetter" classname="service.ServiceTest" time="0.002"/>
  <testcase name="test_wrongStudentWithProfNameWithDigits" classname="service.ServiceTest" time="0.01"/>
  <testcase name="test_nameTooLong" classname="service.ServiceTest" time="0.012"/>
  <testcase name="test_emailContainsNoAT" classname="service.ServiceTest" time="0.01"/>
  <testcase name="test_wrongNameFormat" classname="service.ServiceTest" time="0.008"/>
  <testcase name="test_correctStudentWithEmail2" classname="service.ServiceTest" time="0.002"/>
  <testcase name="test_correctStudentWithLeghth254" classname="service.ServiceTest" time="0.002"/>
  <testcase name="test_correctStudentWithLeghth255" classname="service.ServiceTest" time="0.018"/>
  <testcase name="test_correctStudentWithGroup0" classname="service.ServiceTest" time="0.002"/>
  <testcase name="test_correctStudentWithGroup1" classname="service.ServiceTest" time="0.011"/>
  <testcase name="test_professorNameEmpty" classname="service.ServiceTest" time="0.008"/>
  <testcase name="test_groupTooLarge" classname="service.ServiceTest" time="0"/>
  <testcase name="test_wrongStudentWithNameWithNonLettersAndLetter" classname="service.ServiceTest" time="0"/>
  <testcase name="test_wrongStudentWithProfNameWithLength256" classname="service.ServiceTest" time="0.015"/>
  <testcase name="test_wrongProfessorNameFormat" classname="service.ServiceTest" time="0.016"/>
  <testcase name="test_idNegative" classname="service.ServiceTest" time="0"/>
  <testcase name="test_wrongStudentWithNameWithNonLetters" classname="service.ServiceTest" time="0"/>
  <testcase name="test_correctStudentWithProfNameWithLength1" classname="service.ServiceTest" time="0.016"/>
  <testcase name="test_correctStudentWithProfNameWithLength4" classname="service.ServiceTest" time="0.015"/>
  <testcase name="test_correctStudentWithEmail" classname="service.ServiceTest" time="0"/>
  <testcase name="test_correctStudentWithName" classname="service.ServiceTest" time="0.016"/>
  <testcase name="test_wrongStudentWithEmailWithMoreAT" classname="service.ServiceTest" time="0"/>
  <testcase name="test_wrongStudentWithEmailWithOnlyAT" classname="service.ServiceTest" time="0.015"/>
  <testcase name="test_emailContainsNoPoint" classname="service.ServiceTest" time="0.007"/>
  <testcase name="test_correctStudentWithIdMaxIntMinusOne" classname="service.ServiceTest" time="0"/>
  <testcase name="test_wrongStudentWithNameWithLengthTwoHundredFiftySix" classname="service.ServiceTest" time="0.016"/>
  <testcase name="test_correctStudentWithProfNameWithLength254" classname="service.ServiceTest" time="0.015"/>
  <testcase name="test_professorNameTooLong" classname="service.ServiceTest" time="0"/>
  <testcase name="test_groupNegative" classname="service.ServiceTest" time="0.016"/>
  <testcase name="test_idAlreadyExists" classname="service.ServiceTest" time="0"/>
  <testcase name="test_correctStudentWithNameWithLengthTwoHundredFiftyFour" classname="service.ServiceTest" time="0"/>
</testsuite>